{"/Users/abuchanan/Desktop/Projects/Challenge/node-exam/modules/tag.js":{"path":"/Users/abuchanan/Desktop/Projects/Challenge/node-exam/modules/tag.js","s":{"1":1,"2":1,"3":1,"4":1,"5":1,"6":9,"7":1,"8":8,"9":1,"10":1,"11":1,"12":1,"13":22,"14":1,"15":8,"16":1,"17":1,"18":9,"19":8,"20":8,"21":15,"22":27,"23":10,"24":17,"25":7,"26":10,"27":0,"28":15,"29":8,"30":9,"31":8,"32":8,"33":26,"34":2,"35":24,"36":8,"37":9,"38":8,"39":1,"40":1,"41":3,"42":3,"43":1,"44":2,"45":1,"46":6,"47":24,"48":8,"49":16,"50":6,"51":1,"52":10,"53":2,"54":8,"55":1,"56":8,"57":8,"58":6,"59":2,"60":1,"61":3,"62":3,"63":3,"64":3,"65":10,"66":0,"67":10,"68":8,"69":8,"70":6,"71":6,"72":2,"73":2,"74":2,"75":3,"76":3,"77":1,"78":2,"79":2,"80":2,"81":1},"b":{"1":[10,17],"2":[7,10],"3":[0,10],"4":[2,24],"5":[8,1],"6":[1,2],"7":[8,16],"8":[2,8],"9":[0,10],"10":[8,2],"11":[6,2],"12":[1,2]},"f":{},"fnMap":{},"statementMap":{"1":{"start":{"line":3,"column":0},"end":{"line":3,"column":25}},"2":{"start":{"line":4,"column":0},"end":{"line":4,"column":24}},"3":{"start":{"line":6,"column":0},"end":{"line":13,"column":2}},"4":{"start":{"line":7,"column":2},"end":{"line":7,"column":19}},"5":{"start":{"line":8,"column":2},"end":{"line":8,"column":54}},"6":{"start":{"line":8,"column":27},"end":{"line":8,"column":52}},"7":{"start":{"line":9,"column":2},"end":{"line":11,"column":5}},"8":{"start":{"line":10,"column":5},"end":{"line":10,"column":48}},"9":{"start":{"line":12,"column":2},"end":{"line":12,"column":34}},"10":{"start":{"line":15,"column":0},"end":{"line":22,"column":2}},"11":{"start":{"line":16,"column":2},"end":{"line":16,"column":19}},"12":{"start":{"line":17,"column":2},"end":{"line":17,"column":54}},"13":{"start":{"line":17,"column":26},"end":{"line":17,"column":52}},"14":{"start":{"line":18,"column":2},"end":{"line":20,"column":5}},"15":{"start":{"line":19,"column":5},"end":{"line":19,"column":48}},"16":{"start":{"line":21,"column":2},"end":{"line":21,"column":33}},"17":{"start":{"line":25,"column":0},"end":{"line":55,"column":2}},"18":{"start":{"line":26,"column":2},"end":{"line":37,"column":4}},"19":{"start":{"line":27,"column":5},"end":{"line":27,"column":28}},"20":{"start":{"line":28,"column":5},"end":{"line":35,"column":7}},"21":{"start":{"line":29,"column":7},"end":{"line":33,"column":10}},"22":{"start":{"line":30,"column":9},"end":{"line":30,"column":84}},"23":{"start":{"line":30,"column":28},"end":{"line":30,"column":83}},"24":{"start":{"line":31,"column":9},"end":{"line":31,"column":78}},"25":{"start":{"line":31,"column":43},"end":{"line":31,"column":77}},"26":{"start":{"line":32,"column":9},"end":{"line":32,"column":84}},"27":{"start":{"line":32,"column":38},"end":{"line":32,"column":83}},"28":{"start":{"line":34,"column":7},"end":{"line":34,"column":28}},"29":{"start":{"line":36,"column":5},"end":{"line":36,"column":33}},"30":{"start":{"line":38,"column":2},"end":{"line":48,"column":4}},"31":{"start":{"line":39,"column":4},"end":{"line":39,"column":23}},"32":{"start":{"line":40,"column":4},"end":{"line":46,"column":7}},"33":{"start":{"line":41,"column":7},"end":{"line":45,"column":8}},"34":{"start":{"line":42,"column":9},"end":{"line":42,"column":27}},"35":{"start":{"line":44,"column":9},"end":{"line":44,"column":24}},"36":{"start":{"line":47,"column":4},"end":{"line":47,"column":19}},"37":{"start":{"line":50,"column":2},"end":{"line":54,"column":3}},"38":{"start":{"line":51,"column":4},"end":{"line":51,"column":51}},"39":{"start":{"line":53,"column":4},"end":{"line":53,"column":14}},"40":{"start":{"line":57,"column":0},"end":{"line":65,"column":2}},"41":{"start":{"line":58,"column":4},"end":{"line":64,"column":7}},"42":{"start":{"line":59,"column":6},"end":{"line":63,"column":7}},"43":{"start":{"line":60,"column":8},"end":{"line":60,"column":23}},"44":{"start":{"line":62,"column":8},"end":{"line":62,"column":60}},"45":{"start":{"line":67,"column":0},"end":{"line":76,"column":2}},"46":{"start":{"line":68,"column":4},"end":{"line":74,"column":5}},"47":{"start":{"line":69,"column":6},"end":{"line":73,"column":7}},"48":{"start":{"line":70,"column":9},"end":{"line":70,"column":52}},"49":{"start":{"line":72,"column":9},"end":{"line":72,"column":36}},"50":{"start":{"line":75,"column":4},"end":{"line":75,"column":22}},"51":{"start":{"line":78,"column":0},"end":{"line":81,"column":2}},"52":{"start":{"line":79,"column":3},"end":{"line":79,"column":34}},"53":{"start":{"line":79,"column":17},"end":{"line":79,"column":33}},"54":{"start":{"line":80,"column":3},"end":{"line":80,"column":62}},"55":{"start":{"line":83,"column":0},"end":{"line":90,"column":2}},"56":{"start":{"line":84,"column":2},"end":{"line":89,"column":3}},"57":{"start":{"line":85,"column":4},"end":{"line":85,"column":22}},"58":{"start":{"line":86,"column":4},"end":{"line":86,"column":16}},"59":{"start":{"line":88,"column":4},"end":{"line":88,"column":17}},"60":{"start":{"line":92,"column":0},"end":{"line":119,"column":2}},"61":{"start":{"line":93,"column":2},"end":{"line":93,"column":17}},"62":{"start":{"line":94,"column":2},"end":{"line":94,"column":22}},"63":{"start":{"line":95,"column":2},"end":{"line":95,"column":19}},"64":{"start":{"line":97,"column":2},"end":{"line":111,"column":4}},"65":{"start":{"line":98,"column":5},"end":{"line":98,"column":23}},"66":{"start":{"line":98,"column":13},"end":{"line":98,"column":22}},"67":{"start":{"line":99,"column":5},"end":{"line":110,"column":6}},"68":{"start":{"line":100,"column":7},"end":{"line":100,"column":37}},"69":{"start":{"line":101,"column":7},"end":{"line":107,"column":8}},"70":{"start":{"line":102,"column":9},"end":{"line":102,"column":44}},"71":{"start":{"line":103,"column":9},"end":{"line":103,"column":75}},"72":{"start":{"line":105,"column":9},"end":{"line":105,"column":65}},"73":{"start":{"line":106,"column":9},"end":{"line":106,"column":76}},"74":{"start":{"line":109,"column":7},"end":{"line":109,"column":32}},"75":{"start":{"line":113,"column":2},"end":{"line":118,"column":5}},"76":{"start":{"line":114,"column":6},"end":{"line":114,"column":30}},"77":{"start":{"line":114,"column":14},"end":{"line":114,"column":29}},"78":{"start":{"line":115,"column":6},"end":{"line":115,"column":33}},"79":{"start":{"line":116,"column":6},"end":{"line":116,"column":16}},"80":{"start":{"line":117,"column":6},"end":{"line":117,"column":61}},"81":{"start":{"line":121,"column":0},"end":{"line":121,"column":126}}},"branchMap":{"1":{"line":30,"type":"if","locations":[{"start":{"line":30,"column":9},"end":{"line":30,"column":9}},{"start":{"line":30,"column":9},"end":{"line":30,"column":9}}]},"2":{"line":31,"type":"if","locations":[{"start":{"line":31,"column":9},"end":{"line":31,"column":9}},{"start":{"line":31,"column":9},"end":{"line":31,"column":9}}]},"3":{"line":32,"type":"if","locations":[{"start":{"line":32,"column":9},"end":{"line":32,"column":9}},{"start":{"line":32,"column":9},"end":{"line":32,"column":9}}]},"4":{"line":41,"type":"if","locations":[{"start":{"line":41,"column":7},"end":{"line":41,"column":7}},{"start":{"line":41,"column":7},"end":{"line":41,"column":7}}]},"5":{"line":50,"type":"if","locations":[{"start":{"line":50,"column":2},"end":{"line":50,"column":2}},{"start":{"line":50,"column":2},"end":{"line":50,"column":2}}]},"6":{"line":59,"type":"if","locations":[{"start":{"line":59,"column":6},"end":{"line":59,"column":6}},{"start":{"line":59,"column":6},"end":{"line":59,"column":6}}]},"7":{"line":69,"type":"if","locations":[{"start":{"line":69,"column":6},"end":{"line":69,"column":6}},{"start":{"line":69,"column":6},"end":{"line":69,"column":6}}]},"8":{"line":79,"type":"if","locations":[{"start":{"line":79,"column":3},"end":{"line":79,"column":3}},{"start":{"line":79,"column":3},"end":{"line":79,"column":3}}]},"9":{"line":98,"type":"if","locations":[{"start":{"line":98,"column":5},"end":{"line":98,"column":5}},{"start":{"line":98,"column":5},"end":{"line":98,"column":5}}]},"10":{"line":99,"type":"if","locations":[{"start":{"line":99,"column":5},"end":{"line":99,"column":5}},{"start":{"line":99,"column":5},"end":{"line":99,"column":5}}]},"11":{"line":101,"type":"if","locations":[{"start":{"line":101,"column":7},"end":{"line":101,"column":7}},{"start":{"line":101,"column":7},"end":{"line":101,"column":7}}]},"12":{"line":114,"type":"if","locations":[{"start":{"line":114,"column":6},"end":{"line":114,"column":6}},{"start":{"line":114,"column":6},"end":{"line":114,"column":6}}]}}},"/Users/abuchanan/Desktop/Projects/Challenge/node-exam/modules/cache.js":{"path":"/Users/abuchanan/Desktop/Projects/Challenge/node-exam/modules/cache.js","s":{"1":1,"2":1,"3":1,"4":1,"5":3,"6":1,"7":3,"8":3,"9":1,"10":2,"11":2,"12":1,"13":1,"14":1,"15":9,"16":1,"17":8,"18":8,"19":0,"20":8,"21":8,"22":0,"23":8,"24":1,"25":7,"26":1,"27":2,"28":2,"29":2,"30":9,"31":0,"32":9,"33":8,"34":8,"35":1,"36":7,"37":1,"38":2,"39":2,"40":0,"41":2,"42":2,"43":2,"44":1},"b":{"1":[1,2],"2":[1,8],"3":[0,8],"4":[0,8],"5":[1,7],"6":[0,9],"7":[8,1],"8":[1,7],"9":[0,2]},"f":{},"fnMap":{},"statementMap":{"1":{"start":{"line":3,"column":0},"end":{"line":3,"column":25}},"2":{"start":{"line":4,"column":0},"end":{"line":4,"column":24}},"3":{"start":{"line":5,"column":0},"end":{"line":5,"column":14}},"4":{"start":{"line":7,"column":0},"end":{"line":9,"column":2}},"5":{"start":{"line":8,"column":3},"end":{"line":8,"column":15}},"6":{"start":{"line":11,"column":0},"end":{"line":17,"column":2}},"7":{"start":{"line":12,"column":4},"end":{"line":16,"column":7}},"8":{"start":{"line":13,"column":7},"end":{"line":13,"column":31}},"9":{"start":{"line":13,"column":15},"end":{"line":13,"column":30}},"10":{"start":{"line":14,"column":7},"end":{"line":14,"column":31}},"11":{"start":{"line":15,"column":7},"end":{"line":15,"column":16}},"12":{"start":{"line":19,"column":0},"end":{"line":21,"column":2}},"13":{"start":{"line":20,"column":4},"end":{"line":20,"column":50}},"14":{"start":{"line":23,"column":0},"end":{"line":33,"column":2}},"15":{"start":{"line":24,"column":4},"end":{"line":24,"column":41}},"16":{"start":{"line":24,"column":18},"end":{"line":24,"column":40}},"17":{"start":{"line":25,"column":4},"end":{"line":32,"column":7}},"18":{"start":{"line":26,"column":8},"end":{"line":26,"column":32}},"19":{"start":{"line":26,"column":16},"end":{"line":26,"column":31}},"20":{"start":{"line":27,"column":8},"end":{"line":31,"column":11}},"21":{"start":{"line":28,"column":10},"end":{"line":28,"column":34}},"22":{"start":{"line":28,"column":18},"end":{"line":28,"column":33}},"23":{"start":{"line":29,"column":10},"end":{"line":29,"column":68}},"24":{"start":{"line":29,"column":46},"end":{"line":29,"column":67}},"25":{"start":{"line":30,"column":10},"end":{"line":30,"column":32}},"26":{"start":{"line":35,"column":0},"end":{"line":58,"column":2}},"27":{"start":{"line":36,"column":2},"end":{"line":36,"column":17}},"28":{"start":{"line":37,"column":2},"end":{"line":37,"column":22}},"29":{"start":{"line":39,"column":2},"end":{"line":51,"column":4}},"30":{"start":{"line":40,"column":5},"end":{"line":40,"column":23}},"31":{"start":{"line":40,"column":13},"end":{"line":40,"column":22}},"32":{"start":{"line":41,"column":5},"end":{"line":50,"column":6}},"33":{"start":{"line":42,"column":7},"end":{"line":42,"column":37}},"34":{"start":{"line":43,"column":7},"end":{"line":47,"column":8}},"35":{"start":{"line":44,"column":9},"end":{"line":44,"column":31}},"36":{"start":{"line":46,"column":9},"end":{"line":46,"column":94}},"37":{"start":{"line":49,"column":7},"end":{"line":49,"column":30}},"38":{"start":{"line":52,"column":2},"end":{"line":57,"column":5}},"39":{"start":{"line":53,"column":6},"end":{"line":53,"column":30}},"40":{"start":{"line":53,"column":14},"end":{"line":53,"column":29}},"41":{"start":{"line":54,"column":6},"end":{"line":54,"column":31}},"42":{"start":{"line":55,"column":6},"end":{"line":55,"column":16}},"43":{"start":{"line":56,"column":6},"end":{"line":56,"column":79}},"44":{"start":{"line":59,"column":0},"end":{"line":59,"column":87}}},"branchMap":{"1":{"line":13,"type":"if","locations":[{"start":{"line":13,"column":7},"end":{"line":13,"column":7}},{"start":{"line":13,"column":7},"end":{"line":13,"column":7}}]},"2":{"line":24,"type":"if","locations":[{"start":{"line":24,"column":4},"end":{"line":24,"column":4}},{"start":{"line":24,"column":4},"end":{"line":24,"column":4}}]},"3":{"line":26,"type":"if","locations":[{"start":{"line":26,"column":8},"end":{"line":26,"column":8}},{"start":{"line":26,"column":8},"end":{"line":26,"column":8}}]},"4":{"line":28,"type":"if","locations":[{"start":{"line":28,"column":10},"end":{"line":28,"column":10}},{"start":{"line":28,"column":10},"end":{"line":28,"column":10}}]},"5":{"line":29,"type":"if","locations":[{"start":{"line":29,"column":10},"end":{"line":29,"column":10}},{"start":{"line":29,"column":10},"end":{"line":29,"column":10}}]},"6":{"line":40,"type":"if","locations":[{"start":{"line":40,"column":5},"end":{"line":40,"column":5}},{"start":{"line":40,"column":5},"end":{"line":40,"column":5}}]},"7":{"line":41,"type":"if","locations":[{"start":{"line":41,"column":5},"end":{"line":41,"column":5}},{"start":{"line":41,"column":5},"end":{"line":41,"column":5}}]},"8":{"line":43,"type":"if","locations":[{"start":{"line":43,"column":7},"end":{"line":43,"column":7}},{"start":{"line":43,"column":7},"end":{"line":43,"column":7}}]},"9":{"line":53,"type":"if","locations":[{"start":{"line":53,"column":6},"end":{"line":53,"column":6}},{"start":{"line":53,"column":6},"end":{"line":53,"column":6}}]}}}}