TN:
SF:/Users/abuchanan/Desktop/Projects/Challenge/node-exam/modules/tag.js
FNF:0
FNH:0
DA:3,1
DA:4,1
DA:6,1
DA:7,1
DA:8,9
DA:9,1
DA:10,8
DA:12,1
DA:15,1
DA:16,1
DA:17,22
DA:18,1
DA:19,8
DA:21,1
DA:25,1
DA:26,9
DA:27,8
DA:28,8
DA:29,15
DA:30,27
DA:31,17
DA:32,10
DA:34,15
DA:36,8
DA:38,9
DA:39,8
DA:40,8
DA:41,26
DA:42,2
DA:44,24
DA:47,8
DA:50,9
DA:51,8
DA:53,1
DA:57,1
DA:58,3
DA:59,3
DA:60,1
DA:62,2
DA:67,1
DA:68,6
DA:69,24
DA:70,8
DA:72,16
DA:75,6
DA:78,1
DA:79,10
DA:80,8
DA:83,1
DA:84,8
DA:85,8
DA:86,6
DA:88,2
DA:92,1
DA:93,3
DA:94,3
DA:95,3
DA:97,3
DA:98,10
DA:99,10
DA:100,8
DA:101,8
DA:102,6
DA:103,6
DA:105,2
DA:106,2
DA:109,2
DA:113,3
DA:114,3
DA:115,2
DA:116,2
DA:117,2
DA:121,1
LF:73
LH:73
BRDA:30,1,0,10
BRDA:30,1,1,17
BRDA:31,2,0,7
BRDA:31,2,1,10
BRDA:32,3,0,0
BRDA:32,3,1,10
BRDA:41,4,0,2
BRDA:41,4,1,24
BRDA:50,5,0,8
BRDA:50,5,1,1
BRDA:59,6,0,1
BRDA:59,6,1,2
BRDA:69,7,0,8
BRDA:69,7,1,16
BRDA:79,8,0,2
BRDA:79,8,1,8
BRDA:98,9,0,0
BRDA:98,9,1,10
BRDA:99,10,0,8
BRDA:99,10,1,2
BRDA:101,11,0,6
BRDA:101,11,1,2
BRDA:114,12,0,1
BRDA:114,12,1,2
BRF:24
BRH:22
end_of_record
TN:
SF:/Users/abuchanan/Desktop/Projects/Challenge/node-exam/modules/cache.js
FNF:0
FNH:0
DA:3,1
DA:4,1
DA:5,1
DA:7,1
DA:8,3
DA:11,1
DA:12,3
DA:13,3
DA:14,2
DA:15,2
DA:19,1
DA:20,1
DA:23,1
DA:24,9
DA:25,8
DA:26,8
DA:27,8
DA:28,8
DA:29,8
DA:30,7
DA:35,1
DA:36,2
DA:37,2
DA:39,2
DA:40,9
DA:41,9
DA:42,8
DA:43,8
DA:44,1
DA:46,7
DA:49,1
DA:52,2
DA:53,2
DA:54,2
DA:55,2
DA:56,2
DA:59,1
LF:37
LH:37
BRDA:13,1,0,1
BRDA:13,1,1,2
BRDA:24,2,0,1
BRDA:24,2,1,8
BRDA:26,3,0,0
BRDA:26,3,1,8
BRDA:28,4,0,0
BRDA:28,4,1,8
BRDA:29,5,0,1
BRDA:29,5,1,7
BRDA:40,6,0,0
BRDA:40,6,1,9
BRDA:41,7,0,8
BRDA:41,7,1,1
BRDA:43,8,0,1
BRDA:43,8,1,7
BRDA:53,9,0,0
BRDA:53,9,1,2
BRF:18
BRH:14
end_of_record
